<?xml version="1.0" encoding="UTF-8"?>
<testsuite name="ohtuesimerkki.StatisticsTest" tests="4" skipped="0" failures="0" errors="0" timestamp="2018-11-03T01:19:24" hostname="Koppari" time="0.007">
  <properties/>
  <testcase name="tiimiHakuToimii" classname="ohtuesimerkki.StatisticsTest" time="0.006"/>
  <testcase name="hakuToimii" classname="ohtuesimerkki.StatisticsTest" time="0.0"/>
  <testcase name="topScorersToimii" classname="ohtuesimerkki.StatisticsTest" time="0.0"/>
  <testcase name="hakuToimiiOlemattomalla" classname="ohtuesimerkki.StatisticsTest" time="0.0"/>
  <system-out><![CDATA[]]></system-out>
  <system-err><![CDATA[]]></system-err>
</testsuite>
